<?xml version="1.0" encoding="UTF-8"?>
<!-- Generated by org.testng.reporters.JUnitReportReporter -->
<testsuite hostname="SanatKumar" failures="0" tests="3" name="com.testNg.TourPackageTest" time="-1691476736.000" errors="1" timestamp="2023-08-08T12:07:24 IST" skipped="2">
  <testcase classname="com.testNg.TourPackageTest" name="config_Bc" time="-1691476736.000">
    <error message="
Parameter &#039;BROWSER&#039; is required by BeforeClass on method config_Bc but has not been marked @Optional or defined
in C:\Users\HP\Desktop\com.TMS.sdet50\parallel.xml" type="org.testng.TestNGException">
      <![CDATA[org.testng.TestNGException: 
Parameter 'BROWSER' is required by BeforeClass on method config_Bc but has not been marked @Optional or defined
in C:\Users\HP\Desktop\com.TMS.sdet50\parallel.xml
at org.testng.internal.Parameters.createParams(Parameters.java:270)
at org.testng.internal.Parameters.createParametersForMethod(Parameters.java:358)
at org.testng.internal.Parameters.createParameters(Parameters.java:700)
at org.testng.internal.Parameters.createConfigurationParameters(Parameters.java:168)
at org.testng.internal.ConfigInvoker.invokeConfigurations(ConfigInvoker.java:302)
at org.testng.internal.TestMethodWorker.invokeBeforeClassMethods(TestMethodWorker.java:176)
at org.testng.internal.TestMethodWorker.run(TestMethodWorker.java:122)
at java.base/java.util.concurrent.ThreadPoolExecutor.runWorker(ThreadPoolExecutor.java:1136)
at java.base/java.util.concurrent.ThreadPoolExecutor$Worker.run(ThreadPoolExecutor.java:635)
at java.base/java.lang.Thread.run(Thread.java:833)
]]>
    </error>
  </testcase> <!-- config_Bc -->
  <system-out/>
  <testcase classname="com.testNg.TourPackageTest" name="updatingPackage" time="0.000">
    <skipped/>
  </testcase> <!-- updatingPackage -->
  <system-out/>
  <testcase classname="com.testNg.TourPackageTest" name="createTour" time="0.000">
    <skipped/>
  </testcase> <!-- createTour -->
  <system-out/>
</testsuite> <!-- com.testNg.TourPackageTest -->
