<?xml version="1.0" encoding="UTF-8"?>
<!-- Generated by org.testng.reporters.JUnitXMLReporter -->
<testsuite ignored="0" hostname="SanatKumar" failures="0" tests="2" name="Test2" time="0.06" errors="0" timestamp="2023-08-08T10:11:57 IST">
  <testcase classname="com.tms.GenericUtility.BaseClass" name="@BeforeClass config_Bc" time="-1.691469717739E9">
    <failure type="org.testng.TestNGException" message="
Parameter &amp;apos;BROWSER&amp;apos; is required by BeforeClass on method config_Bc but has not been marked @Optional or defined
in C:\Users\HP\Desktop\com.TMS.sdet50\parallel.xml">
      <![CDATA[org.testng.TestNGException: 
Parameter 'BROWSER' is required by BeforeClass on method config_Bc but has not been marked @Optional or defined
in C:\Users\HP\Desktop\com.TMS.sdet50\parallel.xml
at java.base/java.util.ArrayList.forEach(ArrayList.java:1511)
... Removed 22 stack frames]]>
    </failure>
  </testcase> <!-- @BeforeClass config_Bc -->
  <testcase classname="com.tms.GenericUtility.BaseClass" name="@BeforeMethod config_Bm" time="-1.691469717756E9">
    <skipped/>
  </testcase> <!-- @BeforeMethod config_Bm -->
  <testcase classname="com.tms.GenericUtility.BaseClass" name="@AfterMethod config_Am" time="-1.691469717772E9">
    <skipped/>
  </testcase> <!-- @AfterMethod config_Am -->
  <testcase classname="com.tms.GenericUtility.BaseClass" name="@BeforeMethod config_Bm" time="-1.691469717778E9">
    <skipped/>
  </testcase> <!-- @BeforeMethod config_Bm -->
  <testcase classname="com.tms.GenericUtility.BaseClass" name="@AfterMethod config_Am" time="-1.691469717791E9">
    <skipped/>
  </testcase> <!-- @AfterMethod config_Am -->
  <testcase classname="com.tms.GenericUtility.BaseClass" name="@AfterClass config_Ac" time="-1.691469717794E9">
    <skipped/>
  </testcase> <!-- @AfterClass config_Ac -->
  <testcase classname="com.testNg.TourPackageTest" name="createTour" time="0.0">
    <skipped/>
  </testcase> <!-- createTour -->
  <testcase classname="com.testNg.TourPackageTest" name="updatingPackage" time="0.0">
    <skipped/>
  </testcase> <!-- updatingPackage -->
</testsuite> <!-- Test2 -->
